[2025-12-20 14:30:00] Starting collection...
[2025-12-20 14:30:01] Price found: 2131.70
[2025-12-20 14:30:01] Updated price for 2025-12-20
[2025-12-20 14:30:01] Success!
[2025-12-21 14:30:00] Starting collection...
[2025-12-21 14:30:01] Price found: 2129.15
[2025-12-21 14:30:01] Updated price for 2025-12-21
[2025-12-21 14:30:01] Success!
[2025-12-22 14:30:00] Starting collection...
[2025-12-22 14:30:01] Price found: 2134.60
[2025-12-22 14:30:01] Updated price for 2025-12-22
[2025-12-22 14:30:01] Success!
[2025-12-23 14:30:00] Starting collection...
[2025-12-23 14:30:01] Price found: 2132.45
[2025-12-23 14:30:01] Updated price for 2025-12-23
[2025-12-23 14:30:01] Success!
[2025-12-24 14:30:00] Starting collection...
[2025-12-24 14:30:01] Price found: 2128.90
[2025-12-24 14:30:01] Updated price for 2025-12-24
[2025-12-24 14:30:01] Success!
[2025-12-25 14:30:00] Starting collection...
[2025-12-25 14:30:01] Price found: 2127.35
[2025-12-25 14:30:01] Updated price for 2025-12-25
[2025-12-25 14:30:01] Success!
[2025-12-26 14:30:00] Starting collection...
[2025-12-26 14:30:01] Price found: 2130.80
[2025-12-26 14:30:01] Updated price for 2025-12-26
[2025-12-26 14:30:01] Success!
Gold price 2130.80 saved for 2025-12-26
